<?xml version="1.0" encoding="UTF-8"?>
<testng-results skipped="1" failed="1" ignored="0" total="3" passed="1">
  <reporter-output>
  </reporter-output>
  <suite name="Suite" duration-ms="19668" started-at="2021-08-11T18:40:05 IST" finished-at="2021-08-11T18:40:25 IST">
    <groups>
    </groups>
    <test name="Test" duration-ms="19668" started-at="2021-08-11T18:40:05 IST" finished-at="2021-08-11T18:40:25 IST">
      <class name="com.sdet1718.test.TestCase1">
        <test-method status="PASS" signature="configBC()[pri:0, instance:com.sdet1718.test.TestCase1@5f282abb]" name="configBC" is-config="true" duration-ms="6360" started-at="2021-08-11T18:40:07 IST" finished-at="2021-08-11T18:40:13 IST">
          <reporter-output>
          </reporter-output>
        </test-method> <!-- configBC -->
        <test-method status="PASS" signature="Testcase1()[pri:0, instance:com.sdet1718.test.TestCase1@5f282abb]" name="Testcase1" duration-ms="31" started-at="2021-08-11T18:40:13 IST" finished-at="2021-08-11T18:40:13 IST">
          <reporter-output>
          </reporter-output>
        </test-method> <!-- Testcase1 -->
        <test-method status="PASS" signature="ConfigAC()[pri:0, instance:com.sdet1718.test.TestCase1@5f282abb]" name="ConfigAC" is-config="true" duration-ms="1233" started-at="2021-08-11T18:40:13 IST" finished-at="2021-08-11T18:40:14 IST">
          <reporter-output>
          </reporter-output>
        </test-method> <!-- ConfigAC -->
      </class> <!-- com.sdet1718.test.TestCase1 -->
      <class name="com.sdet1718.test.TestCase2">
        <test-method status="PASS" signature="configBC()[pri:0, instance:com.sdet1718.test.TestCase2@167fdd33]" name="configBC" is-config="true" duration-ms="3517" started-at="2021-08-11T18:40:14 IST" finished-at="2021-08-11T18:40:18 IST">
          <reporter-output>
          </reporter-output>
        </test-method> <!-- configBC -->
        <test-method status="FAIL" signature="Testcase2()[pri:0, instance:com.sdet1718.test.TestCase2@167fdd33]" name="Testcase2" duration-ms="1896" started-at="2021-08-11T18:40:18 IST" finished-at="2021-08-11T18:40:20 IST">
          <exception class="java.lang.AssertionError">
            <message>
              <![CDATA[expected [true] but found [false]]]>
            </message>
            <full-stacktrace>
              <![CDATA[java.lang.AssertionError: expected [true] but found [false]
at org.testng.Assert.fail(Assert.java:97)
at org.testng.Assert.failNotEquals(Assert.java:969)
at org.testng.Assert.assertTrue(Assert.java:43)
at org.testng.Assert.assertTrue(Assert.java:53)
at com.sdet1718.test.TestCase2.Testcase2(TestCase2.java:15)
at sun.reflect.NativeMethodAccessorImpl.invoke0(Native Method)
at sun.reflect.NativeMethodAccessorImpl.invoke(Unknown Source)
at sun.reflect.DelegatingMethodAccessorImpl.invoke(Unknown Source)
at java.lang.reflect.Method.invoke(Unknown Source)
at org.testng.internal.MethodInvocationHelper.invokeMethod(MethodInvocationHelper.java:134)
at org.testng.internal.TestInvoker.invokeMethod(TestInvoker.java:597)
at org.testng.internal.TestInvoker.invokeTestMethod(TestInvoker.java:173)
at org.testng.internal.MethodRunner.runInSequence(MethodRunner.java:46)
at org.testng.internal.TestInvoker$MethodInvocationAgent.invoke(TestInvoker.java:816)
at org.testng.internal.TestInvoker.invokeTestMethods(TestInvoker.java:146)
at org.testng.internal.TestMethodWorker.invokeTestMethods(TestMethodWorker.java:146)
at org.testng.internal.TestMethodWorker.run(TestMethodWorker.java:128)
at java.util.ArrayList.forEach(Unknown Source)
at org.testng.TestRunner.privateRun(TestRunner.java:766)
at org.testng.TestRunner.run(TestRunner.java:587)
at org.testng.SuiteRunner.runTest(SuiteRunner.java:384)
at org.testng.SuiteRunner.runSequentially(SuiteRunner.java:378)
at org.testng.SuiteRunner.privateRun(SuiteRunner.java:337)
at org.testng.SuiteRunner.run(SuiteRunner.java:286)
at org.testng.SuiteRunnerWorker.runSuite(SuiteRunnerWorker.java:53)
at org.testng.SuiteRunnerWorker.run(SuiteRunnerWorker.java:96)
at org.testng.TestNG.runSuitesSequentially(TestNG.java:1187)
at org.testng.TestNG.runSuitesLocally(TestNG.java:1109)
at org.testng.TestNG.runSuites(TestNG.java:1039)
at org.testng.TestNG.run(TestNG.java:1007)
at org.testng.remote.AbstractRemoteTestNG.run(AbstractRemoteTestNG.java:115)
at org.testng.remote.RemoteTestNG.initAndRun(RemoteTestNG.java:251)
at org.testng.remote.RemoteTestNG.main(RemoteTestNG.java:77)
]]>
            </full-stacktrace>
          </exception> <!-- java.lang.AssertionError -->
          <reporter-output>
          </reporter-output>
        </test-method> <!-- Testcase2 -->
        <test-method status="PASS" signature="ConfigAC()[pri:0, instance:com.sdet1718.test.TestCase2@167fdd33]" name="ConfigAC" is-config="true" duration-ms="1157" started-at="2021-08-11T18:40:20 IST" finished-at="2021-08-11T18:40:21 IST">
          <reporter-output>
          </reporter-output>
        </test-method> <!-- ConfigAC -->
      </class> <!-- com.sdet1718.test.TestCase2 -->
      <class name="com.sdet1718.test.TestCase3">
        <test-method status="PASS" signature="configBC()[pri:0, instance:com.sdet1718.test.TestCase3@1e965684]" name="configBC" is-config="true" duration-ms="2595" started-at="2021-08-11T18:40:21 IST" finished-at="2021-08-11T18:40:24 IST">
          <reporter-output>
          </reporter-output>
        </test-method> <!-- configBC -->
        <test-method status="SKIP" signature="Testcase3()[pri:0, instance:com.sdet1718.test.TestCase3@1e965684]" name="Testcase3" duration-ms="3" started-at="2021-08-11T18:40:24 IST" finished-at="2021-08-11T18:40:24 IST">
          <exception class="org.testng.SkipException">
            <message>
              <![CDATA[Testcase 3 skipped]]>
            </message>
            <full-stacktrace>
              <![CDATA[org.testng.SkipException: Testcase 3 skipped
at com.sdet1718.test.TestCase3.Testcase3(TestCase3.java:14)
at sun.reflect.NativeMethodAccessorImpl.invoke0(Native Method)
at sun.reflect.NativeMethodAccessorImpl.invoke(Unknown Source)
at sun.reflect.DelegatingMethodAccessorImpl.invoke(Unknown Source)
at java.lang.reflect.Method.invoke(Unknown Source)
at org.testng.internal.MethodInvocationHelper.invokeMethod(MethodInvocationHelper.java:134)
at org.testng.internal.TestInvoker.invokeMethod(TestInvoker.java:597)
at org.testng.internal.TestInvoker.invokeTestMethod(TestInvoker.java:173)
at org.testng.internal.MethodRunner.runInSequence(MethodRunner.java:46)
at org.testng.internal.TestInvoker$MethodInvocationAgent.invoke(TestInvoker.java:816)
at org.testng.internal.TestInvoker.invokeTestMethods(TestInvoker.java:146)
at org.testng.internal.TestMethodWorker.invokeTestMethods(TestMethodWorker.java:146)
at org.testng.internal.TestMethodWorker.run(TestMethodWorker.java:128)
at java.util.ArrayList.forEach(Unknown Source)
at org.testng.TestRunner.privateRun(TestRunner.java:766)
at org.testng.TestRunner.run(TestRunner.java:587)
at org.testng.SuiteRunner.runTest(SuiteRunner.java:384)
at org.testng.SuiteRunner.runSequentially(SuiteRunner.java:378)
at org.testng.SuiteRunner.privateRun(SuiteRunner.java:337)
at org.testng.SuiteRunner.run(SuiteRunner.java:286)
at org.testng.SuiteRunnerWorker.runSuite(SuiteRunnerWorker.java:53)
at org.testng.SuiteRunnerWorker.run(SuiteRunnerWorker.java:96)
at org.testng.TestNG.runSuitesSequentially(TestNG.java:1187)
at org.testng.TestNG.runSuitesLocally(TestNG.java:1109)
at org.testng.TestNG.runSuites(TestNG.java:1039)
at org.testng.TestNG.run(TestNG.java:1007)
at org.testng.remote.AbstractRemoteTestNG.run(AbstractRemoteTestNG.java:115)
at org.testng.remote.RemoteTestNG.initAndRun(RemoteTestNG.java:251)
at org.testng.remote.RemoteTestNG.main(RemoteTestNG.java:77)
]]>
            </full-stacktrace>
          </exception> <!-- org.testng.SkipException -->
          <reporter-output>
          </reporter-output>
        </test-method> <!-- Testcase3 -->
        <test-method status="PASS" signature="ConfigAC()[pri:0, instance:com.sdet1718.test.TestCase3@1e965684]" name="ConfigAC" is-config="true" duration-ms="1242" started-at="2021-08-11T18:40:24 IST" finished-at="2021-08-11T18:40:25 IST">
          <reporter-output>
          </reporter-output>
        </test-method> <!-- ConfigAC -->
      </class> <!-- com.sdet1718.test.TestCase3 -->
    </test> <!-- Test -->
  </suite> <!-- Suite -->
</testng-results>
